# Logfile created on 2014-03-08 20:50:28 -0700 by logger.rb/41954
I, [2014-03-08T20:50:28.801773 #29454]  INFO -- : 0:  rake (10.1.0) from /Users/Aeip/.rvm/gems/ruby-2.0.0-p353/specifications/rake-10.1.0.gemspec
I, [2014-03-08T20:50:28.802186 #29454]  INFO -- : 0:  i18n (0.6.5) from /Users/Aeip/.rvm/gems/ruby-2.0.0-p353/specifications/i18n-0.6.5.gemspec
I, [2014-03-08T20:50:28.802498 #29454]  INFO -- : 0:  minitest (4.7.5) from /Users/Aeip/.rvm/gems/ruby-2.0.0-p353/specifications/minitest-4.7.5.gemspec
I, [2014-03-08T20:50:28.802742 #29454]  INFO -- : 0:  multi_json (1.7.9) from /Users/Aeip/.rvm/gems/ruby-2.0.0-p353/specifications/multi_json-1.7.9.gemspec
I, [2014-03-08T20:50:28.802969 #29454]  INFO -- : 0:  atomic (1.1.13) from /Users/Aeip/.rvm/gems/ruby-2.0.0-p353/specifications/atomic-1.1.13.gemspec
I, [2014-03-08T20:50:28.803230 #29454]  INFO -- : 0:  thread_safe (0.1.2) from /Users/Aeip/.rvm/gems/ruby-2.0.0-p353/specifications/thread_safe-0.1.2.gemspec
I, [2014-03-08T20:50:28.803616 #29454]  INFO -- : 0:  tzinfo (0.3.37) from /Users/Aeip/.rvm/gems/ruby-2.0.0-p353/specifications/tzinfo-0.3.37.gemspec
I, [2014-03-08T20:50:28.803932 #29454]  INFO -- : 0:  activesupport (4.0.0) from /Users/Aeip/.rvm/gems/ruby-2.0.0-p353/specifications/activesupport-4.0.0.gemspec
I, [2014-03-08T20:50:28.804149 #29454]  INFO -- : 0:  builder (3.1.4) from /Users/Aeip/.rvm/gems/ruby-2.0.0-p353/specifications/builder-3.1.4.gemspec
I, [2014-03-08T20:50:28.804365 #29454]  INFO -- : 0:  erubis (2.7.0) from /Users/Aeip/.rvm/gems/ruby-2.0.0-p353/specifications/erubis-2.7.0.gemspec
I, [2014-03-08T20:50:28.804569 #29454]  INFO -- : 0:  rack (1.5.2) from /Users/Aeip/.rvm/gems/ruby-2.0.0-p353/specifications/rack-1.5.2.gemspec
I, [2014-03-08T20:50:28.804771 #29454]  INFO -- : 0:  rack-test (0.6.2) from /Users/Aeip/.rvm/gems/ruby-2.0.0-p353/specifications/rack-test-0.6.2.gemspec
I, [2014-03-08T20:50:28.804979 #29454]  INFO -- : 0:  actionpack (4.0.0) from /Users/Aeip/.rvm/gems/ruby-2.0.0-p353/specifications/actionpack-4.0.0.gemspec
I, [2014-03-08T20:50:28.805188 #29454]  INFO -- : 0:  mime-types (1.24) from /Users/Aeip/.rvm/gems/ruby-2.0.0-p353/specifications/mime-types-1.24.gemspec
I, [2014-03-08T20:50:28.805377 #29454]  INFO -- : 0:  polyglot (0.3.3) from /Users/Aeip/.rvm/gems/ruby-2.0.0-p353/specifications/polyglot-0.3.3.gemspec
I, [2014-03-08T20:50:28.805552 #29454]  INFO -- : 0:  treetop (1.4.15) from /Users/Aeip/.rvm/gems/ruby-2.0.0-p353/specifications/treetop-1.4.15.gemspec
I, [2014-03-08T20:50:28.805724 #29454]  INFO -- : 0:  mail (2.5.4) from /Users/Aeip/.rvm/gems/ruby-2.0.0-p353/specifications/mail-2.5.4.gemspec
I, [2014-03-08T20:50:28.805902 #29454]  INFO -- : 0:  actionmailer (4.0.0) from /Users/Aeip/.rvm/gems/ruby-2.0.0-p353/specifications/actionmailer-4.0.0.gemspec
I, [2014-03-08T20:50:28.806088 #29454]  INFO -- : 0:  activemodel (4.0.0) from /Users/Aeip/.rvm/gems/ruby-2.0.0-p353/specifications/activemodel-4.0.0.gemspec
I, [2014-03-08T20:50:28.806280 #29454]  INFO -- : 0:  activerecord-deprecated_finders (1.0.3) from /Users/Aeip/.rvm/gems/ruby-2.0.0-p353/specifications/activerecord-deprecated_finders-1.0.3.gemspec
I, [2014-03-08T20:50:28.806455 #29454]  INFO -- : 0:  arel (4.0.0) from /Users/Aeip/.rvm/gems/ruby-2.0.0-p353/specifications/arel-4.0.0.gemspec
I, [2014-03-08T20:50:28.806641 #29454]  INFO -- : 0:  activerecord (4.0.0) from /Users/Aeip/.rvm/gems/ruby-2.0.0-p353/specifications/activerecord-4.0.0.gemspec
I, [2014-03-08T20:50:28.806831 #29454]  INFO -- : 0:  json (1.8.0) from /Users/Aeip/.rvm/gems/ruby-2.0.0-p353/specifications/json-1.8.0.gemspec
I, [2014-03-08T20:50:28.807014 #29454]  INFO -- : 0:  nokogiri (1.5.10) from /Users/Aeip/.rvm/gems/ruby-2.0.0-p353/specifications/nokogiri-1.5.10.gemspec
I, [2014-03-08T20:50:28.807197 #29454]  INFO -- : 0:  uuidtools (2.1.4) from /Users/Aeip/.rvm/gems/ruby-2.0.0-p353/specifications/uuidtools-2.1.4.gemspec
I, [2014-03-08T20:50:28.807412 #29454]  INFO -- : 0:  aws-sdk (1.16.1) from /Users/Aeip/.rvm/gems/ruby-2.0.0-p353/specifications/aws-sdk-1.16.1.gemspec
I, [2014-03-08T20:50:28.807592 #29454]  INFO -- : 0:  bcrypt-ruby (3.1.1) from /Users/Aeip/.rvm/gems/ruby-2.0.0-p353/specifications/bcrypt-ruby-3.1.1.gemspec
I, [2014-03-08T20:50:28.807799 #29454]  INFO -- : 0:  sass (3.2.10) from /Users/Aeip/.rvm/gems/ruby-2.0.0-p353/specifications/sass-3.2.10.gemspec
I, [2014-03-08T20:50:28.957351 #29454]  INFO -- : 0:  bootstrap-sass (3.0.0.0) from /Users/Aeip/.rvm/gems/ruby-2.0.0-p353/bundler/gems/bootstrap-sass-4a8d1a9add83/bootstrap-sass.gemspec
I, [2014-03-08T20:50:28.957698 #29454]  INFO -- : 0:  climate_control (0.0.3) from /Users/Aeip/.rvm/gems/ruby-2.0.0-p353/specifications/climate_control-0.0.3.gemspec
I, [2014-03-08T20:50:28.957922 #29454]  INFO -- : 0:  cocaine (0.5.1) from /Users/Aeip/.rvm/gems/ruby-2.0.0-p353/specifications/cocaine-0.5.1.gemspec
I, [2014-03-08T20:50:28.958137 #29454]  INFO -- : 0:  coffee-script-source (1.6.3) from /Users/Aeip/.rvm/gems/ruby-2.0.0-p353/specifications/coffee-script-source-1.6.3.gemspec
I, [2014-03-08T20:50:28.958342 #29454]  INFO -- : 0:  execjs (1.4.0) from /Users/Aeip/.rvm/gems/ruby-2.0.0-p353/specifications/execjs-1.4.0.gemspec
I, [2014-03-08T20:50:28.958516 #29454]  INFO -- : 0:  coffee-script (2.2.0) from /Users/Aeip/.rvm/gems/ruby-2.0.0-p353/specifications/coffee-script-2.2.0.gemspec
I, [2014-03-08T20:50:28.958689 #29454]  INFO -- : 0:  thor (0.18.1) from /Users/Aeip/.rvm/gems/ruby-2.0.0-p353/specifications/thor-0.18.1.gemspec
I, [2014-03-08T20:50:28.958865 #29454]  INFO -- : 0:  railties (4.0.0) from /Users/Aeip/.rvm/gems/ruby-2.0.0-p353/specifications/railties-4.0.0.gemspec
I, [2014-03-08T20:50:28.959042 #29454]  INFO -- : 0:  coffee-rails (4.0.0) from /Users/Aeip/.rvm/gems/ruby-2.0.0-p353/specifications/coffee-rails-4.0.0.gemspec
I, [2014-03-08T20:50:28.959218 #29454]  INFO -- : 0:  orm_adapter (0.4.0) from /Users/Aeip/.rvm/gems/ruby-2.0.0-p353/specifications/orm_adapter-0.4.0.gemspec
I, [2014-03-08T20:50:28.959388 #29454]  INFO -- : 0:  warden (1.2.3) from /Users/Aeip/.rvm/gems/ruby-2.0.0-p353/specifications/warden-1.2.3.gemspec
I, [2014-03-08T20:50:28.959566 #29454]  INFO -- : 0:  devise (3.1.0.rc2) from /Users/Aeip/.rvm/gems/ruby-2.0.0-p353/specifications/devise-3.1.0.rc2.gemspec
I, [2014-03-08T20:50:28.959737 #29454]  INFO -- : 0:  hike (1.2.3) from /Users/Aeip/.rvm/gems/ruby-2.0.0-p353/specifications/hike-1.2.3.gemspec
I, [2014-03-08T20:50:28.959913 #29454]  INFO -- : 0:  jbuilder (1.5.0) from /Users/Aeip/.rvm/gems/ruby-2.0.0-p353/specifications/jbuilder-1.5.0.gemspec
I, [2014-03-08T20:50:28.960090 #29454]  INFO -- : 0:  jquery-rails (3.0.4) from /Users/Aeip/.rvm/gems/ruby-2.0.0-p353/specifications/jquery-rails-3.0.4.gemspec
I, [2014-03-08T20:50:28.960264 #29454]  INFO -- : 0:  turbolinks (1.3.0) from /Users/Aeip/.rvm/gems/ruby-2.0.0-p353/specifications/turbolinks-1.3.0.gemspec
I, [2014-03-08T20:50:28.960439 #29454]  INFO -- : 0:  jquery-turbolinks (2.0.1) from /Users/Aeip/.rvm/gems/ruby-2.0.0-p353/specifications/jquery-turbolinks-2.0.1.gemspec
I, [2014-03-08T20:50:28.960602 #29454]  INFO -- : 0:  bundler (1.5.1) from /Users/Aeip/.rvm/gems/ruby-2.0.0-p353@global/specifications/bundler-1.5.1.gemspec
I, [2014-03-08T20:50:28.960771 #29454]  INFO -- : 0:  tilt (1.4.1) from /Users/Aeip/.rvm/gems/ruby-2.0.0-p353/specifications/tilt-1.4.1.gemspec
I, [2014-03-08T20:50:28.960946 #29454]  INFO -- : 0:  sprockets (2.10.0) from /Users/Aeip/.rvm/gems/ruby-2.0.0-p353/specifications/sprockets-2.10.0.gemspec
I, [2014-03-08T20:50:28.961120 #29454]  INFO -- : 0:  sprockets-rails (2.0.0) from /Users/Aeip/.rvm/gems/ruby-2.0.0-p353/specifications/sprockets-rails-2.0.0.gemspec
I, [2014-03-08T20:50:28.961292 #29454]  INFO -- : 0:  rails (4.0.0) from /Users/Aeip/.rvm/gems/ruby-2.0.0-p353/specifications/rails-4.0.0.gemspec
I, [2014-03-08T20:50:28.961461 #29454]  INFO -- : 0:  masonry-rails (0.2.0) from /Users/Aeip/.rvm/gems/ruby-2.0.0-p353/specifications/masonry-rails-0.2.0.gemspec
I, [2014-03-08T20:50:28.961628 #29454]  INFO -- : 0:  paperclip (3.5.1) from /Users/Aeip/.rvm/gems/ruby-2.0.0-p353/specifications/paperclip-3.5.1.gemspec
I, [2014-03-08T20:50:28.961800 #29454]  INFO -- : 0:  pg (0.16.0) from /Users/Aeip/.rvm/gems/ruby-2.0.0-p353/specifications/pg-0.16.0.gemspec
I, [2014-03-08T20:50:28.961987 #29454]  INFO -- : 0:  rails_serve_static_assets (0.0.1) from /Users/Aeip/.rvm/gems/ruby-2.0.0-p353/specifications/rails_serve_static_assets-0.0.1.gemspec
I, [2014-03-08T20:50:28.962163 #29454]  INFO -- : 0:  rails_stdout_logging (0.0.1) from /Users/Aeip/.rvm/gems/ruby-2.0.0-p353/specifications/rails_stdout_logging-0.0.1.gemspec
I, [2014-03-08T20:50:28.962332 #29454]  INFO -- : 0:  rails_12factor (0.0.2) from /Users/Aeip/.rvm/gems/ruby-2.0.0-p353/specifications/rails_12factor-0.0.2.gemspec
I, [2014-03-08T20:50:28.962505 #29454]  INFO -- : 0:  rdoc (3.12.2) from /Users/Aeip/.rvm/gems/ruby-2.0.0-p353/specifications/rdoc-3.12.2.gemspec
I, [2014-03-08T20:50:28.962678 #29454]  INFO -- : 0:  sass-rails (4.0.0) from /Users/Aeip/.rvm/gems/ruby-2.0.0-p353/specifications/sass-rails-4.0.0.gemspec
I, [2014-03-08T20:50:28.962849 #29454]  INFO -- : 0:  sdoc (0.3.20) from /Users/Aeip/.rvm/gems/ruby-2.0.0-p353/specifications/sdoc-0.3.20.gemspec
I, [2014-03-08T20:50:28.963020 #29454]  INFO -- : 0:  sqlite3 (1.3.8) from /Users/Aeip/.rvm/gems/ruby-2.0.0-p353/specifications/sqlite3-1.3.8.gemspec
I, [2014-03-08T20:50:28.963192 #29454]  INFO -- : 0:  uglifier (2.1.2) from /Users/Aeip/.rvm/gems/ruby-2.0.0-p353/specifications/uglifier-2.1.2.gemspec
I, [2014-03-08T20:50:28.963359 #29454]  INFO -- : 0:  will_paginate (3.0.5) from /Users/Aeip/.rvm/gems/ruby-2.0.0-p353/specifications/will_paginate-3.0.5.gemspec
I, [2014-03-08T20:50:28.963644 #29454]  INFO -- : 0:  will_paginate-bootstrap (1.0.0) from /Users/Aeip/.rvm/gems/ruby-2.0.0-p353/specifications/will_paginate-bootstrap-1.0.0.gemspec
